This is pdfTeX, Version 3.141592653-2.6-1.40.25 (TeX Live 2023) (preloaded format=latex 2023.4.1)  4 JUN 2023 01:48
entering extended mode
 restricted \write18 enabled.
 %&-line parsing enabled.
**media/Tex/7a793ba71cc7f17d.tex
(./media/Tex/7a793ba71cc7f17d.tex
LaTeX2e <2022-11-01> patch level 1
L3 programming layer <2023-03-30>

! LaTeX Error: File `standalone.cls' not found.

Type X to quit or <RETURN> to proceed,
or enter new name. (Default extension: cls)

Enter file name: 
! Emergency stop.
<read *> 
         
l.2 ^^M
        
Here is how much of TeX's memory you used:
 24 strings out of 477978
 561 string characters out of 5837026
 1849657 words of memory out of 5000000
 20329 multiletter control sequences out of 15000+600000
 512287 words of font info for 32 fonts, out of 8000000 for 9000
 14 hyphenation exceptions out of 8191
 19i,0n,29p,97b,17s stack positions out of 10000i,1000n,20000p,200000b,200000s

No pages of output.
